














































































































































































































































































































































































































































































































































































































































































































































































































































































































































































































































































































































































































































































































































































































































































4318it [47:33,  1.51it/s]
  0%|          | 1/840 [00:00<11:08,  1.26it/s]














































































































































































































































































































































100%|##########| 840/840 [11:30<00:00,  1.22it/s]


 67%|######6   | 2/3 [00:08<00:04,  4.18s/it]
100%|##########| 3/3 [00:12<00:00,  4.14s/it]


























































































































































































































































































































































































































































































































































































































































































































































































































































































































































































































































































































































































































































































































































































































































































































4316it [48:56,  1.38it/s]
4318it [48:58,  1.47it/s]










































































































































































































































































































































100%|##########| 840/840 [11:02<00:00,  1.27it/s]


100%|##########| 3/3 [00:12<00:00,  4.16s/it]
1it [00:00,  1.30it/s]
























































































































































































































































































































































































































































































































































































































































































































































































































































































































































































































































































































































































































































































































































































































































































4318it [47:53,  1.50it/s]
  0%|          | 0/840 [00:00<?, ?it/s]














































































































































































































































































































































100%|##########| 840/840 [11:10<00:00,  1.25it/s]


100%|##########| 3/3 [00:12<00:00,  4.15s/it]
1it [00:00,  1.19it/s]





























































































































































































































































































































































































































































































































































































































































































































































































































































































































































































































































































































































































































































































































































































































































































































4317it [49:02,  1.52it/s]
4318it [49:03,  1.47it/s]










































































































































































































































































































































100%|##########| 840/840 [11:03<00:00,  1.27it/s]


 67%|######6   | 2/3 [00:08<00:04,  4.27s/it]
100%|##########| 3/3 [00:12<00:00,  4.19s/it]































































































































































































































































































































































































































































































































































































































































































































































































































































































































































































































































































































































































































































































































































































































































































































4317it [49:07,  1.52it/s]
4318it [49:08,  1.46it/s]











































































































































































































































































































































100%|##########| 840/840 [11:05<00:00,  1.26it/s]


100%|##########| 3/3 [00:12<00:00,  4.16s/it]
1it [00:00,  1.30it/s]

































































































































































































































































































































































































































































































































































































































































































































































































































































































































































































































































































































































































































































































































































































































































































4318it [48:08,  1.49it/s]
Cost at epoch 5 is 0.1120116716072191


































































































































































































































































































































































100%|##########| 840/840 [11:53<00:00,  1.18it/s]


100%|##########| 3/3 [00:12<00:00,  4.21s/it]
0it [00:00, ?it/s]
































































































































































































































































































































































































































































































































































































































































































































































































































































































































































































































































































































































































































































































































































































































































































































































































































































































































































































































































































































































































































































































































































































































































































































































































































































































































4317it [1:21:12,  1.00it/s]
4318it [1:21:13,  1.13s/it]






















































































































































































































































































































100%|##########| 840/840 [10:47<00:00,  1.30it/s]


 67%|######6   | 2/3 [00:08<00:04,  4.17s/it]
100%|##########| 3/3 [00:12<00:00,  4.11s/it]













































































































































































































































































































































































































































































































































































































































































































































































































































































































































































































































































































































































































































































































































































































































































































































































4318it [50:39,  1.42it/s]
  0%|          | 1/840 [00:00<11:33,  1.21it/s]















































































































































































































































































































































































100%|##########| 840/840 [12:40<00:00,  1.10it/s]


100%|##########| 3/3 [00:12<00:00,  4.19s/it]
0it [00:00, ?it/s]























































































































































































































































































































































































































































































































































































































































































































































































































































































































































































































































































































































































































































































































































































3657it [44:35,  1.37it/s]Traceback (most recent call last):
  File "/dartfs/rc/nosnapshots/V/VaickusL-nb/EDIT_Students/users/Gokul_Srinivasan/anaconda3/envs/jupyter-ultimate/lib/python3.7/site-packages/tqdm/std.py", line 1205, in __iter__
    self.update(n - last_print_n)
  File "/dartfs/rc/nosnapshots/V/VaickusL-nb/EDIT_Students/users/Gokul_Srinivasan/anaconda3/envs/jupyter-ultimate/lib/python3.7/site-packages/tqdm/std.py", line 1256, in update
    self.refresh(lock_args=self.lock_args)
  File "/dartfs/rc/nosnapshots/V/VaickusL-nb/EDIT_Students/users/Gokul_Srinivasan/anaconda3/envs/jupyter-ultimate/lib/python3.7/site-packages/tqdm/std.py", line 1361, in refresh
    self.display()
  File "/dartfs/rc/nosnapshots/V/VaickusL-nb/EDIT_Students/users/Gokul_Srinivasan/anaconda3/envs/jupyter-ultimate/lib/python3.7/site-packages/tqdm/std.py", line 1509, in display
    self.sp(self.__str__() if msg is None else msg)
  File "/dartfs/rc/nosnapshots/V/VaickusL-nb/EDIT_Students/users/Gokul_Srinivasan/anaconda3/envs/jupyter-ultimate/lib/python3.7/site-packages/tqdm/std.py", line 350, in print_status
    fp_write('\r' + s + (' ' * max(last_len[0] - len_s, 0)))
  File "/dartfs/rc/nosnapshots/V/VaickusL-nb/EDIT_Students/users/Gokul_Srinivasan/anaconda3/envs/jupyter-ultimate/lib/python3.7/site-packages/tqdm/std.py", line 344, in fp_write
    fp_flush()
  File "/dartfs/rc/nosnapshots/V/VaickusL-nb/EDIT_Students/users/Gokul_Srinivasan/anaconda3/envs/jupyter-ultimate/lib/python3.7/site-packages/tqdm/utils.py", line 145, in inner
    return func(*args, **kwargs)
OSError: [Errno 116] Stale file handle
During handling of the above exception, another exception occurred:
Traceback (most recent call last):
  File "/dartfs/rc/nosnapshots/V/VaickusL-nb/EDIT_Students/users/Gokul_Srinivasan/SCC-Tumor-Detection/Gokul_files/CNN_Tumor_Classification/Executables/ResNet.py", line 613, in <module>
    train_model()
  File "/dartfs/rc/nosnapshots/V/VaickusL-nb/EDIT_Students/users/Gokul_Srinivasan/SCC-Tumor-Detection/Gokul_files/CNN_Tumor_Classification/Executables/ResNet.py", line 555, in train_model
    for batch_idx, (data, targets) in tqdm(enumerate(train_loader)):
  File "/dartfs/rc/nosnapshots/V/VaickusL-nb/EDIT_Students/users/Gokul_Srinivasan/anaconda3/envs/jupyter-ultimate/lib/python3.7/site-packages/tqdm/std.py", line 1210, in __iter__
    self.close()
  File "/dartfs/rc/nosnapshots/V/VaickusL-nb/EDIT_Students/users/Gokul_Srinivasan/anaconda3/envs/jupyter-ultimate/lib/python3.7/site-packages/tqdm/std.py", line 1316, in close
    self.display(pos=0)
  File "/dartfs/rc/nosnapshots/V/VaickusL-nb/EDIT_Students/users/Gokul_Srinivasan/anaconda3/envs/jupyter-ultimate/lib/python3.7/site-packages/tqdm/std.py", line 1509, in display
    self.sp(self.__str__() if msg is None else msg)
  File "/dartfs/rc/nosnapshots/V/VaickusL-nb/EDIT_Students/users/Gokul_Srinivasan/anaconda3/envs/jupyter-ultimate/lib/python3.7/site-packages/tqdm/std.py", line 350, in print_status
    fp_write('\r' + s + (' ' * max(last_len[0] - len_s, 0)))
  File "/dartfs/rc/nosnapshots/V/VaickusL-nb/EDIT_Students/users/Gokul_Srinivasan/anaconda3/envs/jupyter-ultimate/lib/python3.7/site-packages/tqdm/std.py", line 344, in fp_write
    fp_flush()
  File "/dartfs/rc/nosnapshots/V/VaickusL-nb/EDIT_Students/users/Gokul_Srinivasan/anaconda3/envs/jupyter-ultimate/lib/python3.7/site-packages/tqdm/utils.py", line 145, in inner
    return func(*args, **kwargs)
OSError: [Errno 116] Stale file handle